CRITICAL - 2023-11-18 00:05:39 --> Array to string conversion
in APPPATH\Controllers\Categories.php on line 71.
 1 APPPATH\Controllers\Categories.php(71): CodeIgniter\Debug\Exceptions->errorHandler(2, 'Array to string conversion', 'C:\\xampp\\htdocs\\mynewscover.com\\My_News_Cover_MVC\\app\\Controllers\\Categories.php', 71)
 2 SYSTEMPATH\CodeIgniter.php(942): App\Controllers\Categories->editCategory('1')
 3 SYSTEMPATH\CodeIgniter.php(502): CodeIgniter\CodeIgniter->runController(Object(App\Controllers\Categories))
 4 SYSTEMPATH\CodeIgniter.php(361): CodeIgniter\CodeIgniter->handleRequest(null, Object(Config\Cache), false)
 5 FCPATH\index.php(79): CodeIgniter\CodeIgniter->run()
CRITICAL - 2023-11-18 00:06:03 --> Array to string conversion
in APPPATH\Controllers\Categories.php on line 71.
 1 APPPATH\Controllers\Categories.php(71): CodeIgniter\Debug\Exceptions->errorHandler(2, 'Array to string conversion', 'C:\\xampp\\htdocs\\mynewscover.com\\My_News_Cover_MVC\\app\\Controllers\\Categories.php', 71)
 2 SYSTEMPATH\CodeIgniter.php(942): App\Controllers\Categories->editCategory('1')
 3 SYSTEMPATH\CodeIgniter.php(502): CodeIgniter\CodeIgniter->runController(Object(App\Controllers\Categories))
 4 SYSTEMPATH\CodeIgniter.php(361): CodeIgniter\CodeIgniter->handleRequest(null, Object(Config\Cache), false)
 5 FCPATH\index.php(79): CodeIgniter\CodeIgniter->run()
CRITICAL - 2023-11-18 00:06:14 --> Array to string conversion
in APPPATH\Controllers\Categories.php on line 71.
 1 APPPATH\Controllers\Categories.php(71): CodeIgniter\Debug\Exceptions->errorHandler(2, 'Array to string conversion', 'C:\\xampp\\htdocs\\mynewscover.com\\My_News_Cover_MVC\\app\\Controllers\\Categories.php', 71)
 2 SYSTEMPATH\CodeIgniter.php(942): App\Controllers\Categories->editCategory('1')
 3 SYSTEMPATH\CodeIgniter.php(502): CodeIgniter\CodeIgniter->runController(Object(App\Controllers\Categories))
 4 SYSTEMPATH\CodeIgniter.php(361): CodeIgniter\CodeIgniter->handleRequest(null, Object(Config\Cache), false)
 5 FCPATH\index.php(79): CodeIgniter\CodeIgniter->run()
CRITICAL - 2023-11-18 00:06:22 --> Array to string conversion
in APPPATH\Controllers\Categories.php on line 71.
 1 APPPATH\Controllers\Categories.php(71): CodeIgniter\Debug\Exceptions->errorHandler(2, 'Array to string conversion', 'C:\\xampp\\htdocs\\mynewscover.com\\My_News_Cover_MVC\\app\\Controllers\\Categories.php', 71)
 2 SYSTEMPATH\CodeIgniter.php(942): App\Controllers\Categories->editCategory('1')
 3 SYSTEMPATH\CodeIgniter.php(502): CodeIgniter\CodeIgniter->runController(Object(App\Controllers\Categories))
 4 SYSTEMPATH\CodeIgniter.php(361): CodeIgniter\CodeIgniter->handleRequest(null, Object(Config\Cache), false)
 5 FCPATH\index.php(79): CodeIgniter\CodeIgniter->run()
