CRITICAL - 2023-11-20 00:09:48 --> Class "App\Models\NewsSourcesModel" not found
in APPPATH\Controllers\NewsSources.php on line 15.
 1 SYSTEMPATH\CodeIgniter.php(914): App\Controllers\NewsSources->__construct()
 2 SYSTEMPATH\CodeIgniter.php(493): CodeIgniter\CodeIgniter->createController()
 3 SYSTEMPATH\CodeIgniter.php(361): CodeIgniter\CodeIgniter->handleRequest(null, Object(Config\Cache), false)
 4 FCPATH\index.php(79): CodeIgniter\CodeIgniter->run()
CRITICAL - 2023-11-20 00:36:04 --> Undefined variable $userId
in APPPATH\Views\Users\NewsSources\createSource.php on line 30.
 1 APPPATH\Views\Users\NewsSources\createSource.php(30): CodeIgniter\Debug\Exceptions->errorHandler(2, 'Undefined variable $userId', 'C:\\xampp\\htdocs\\mynewscover.com\\My_News_Cover_MVC\\app\\Views\\Users\\NewsSources\\createSource.php', 30)
 2 SYSTEMPATH\View\View.php(228): include('C:\\xampp\\htdocs\\mynewscover.com\\My_News_Cover_MVC\\app\\Views\\Users\\NewsSources\\createSource.php')
 3 SYSTEMPATH\View\View.php(231): CodeIgniter\View\View->CodeIgniter\View\{closure}()
 4 SYSTEMPATH\Common.php(1190): CodeIgniter\View\View->render('Users/NewsSources/createSource', [], true)
 5 APPPATH\Controllers\NewsSources.php(43): view('Users/NewsSources/createSource', [...])
 6 SYSTEMPATH\CodeIgniter.php(942): App\Controllers\NewsSources->create()
 7 SYSTEMPATH\CodeIgniter.php(502): CodeIgniter\CodeIgniter->runController(Object(App\Controllers\NewsSources))
 8 SYSTEMPATH\CodeIgniter.php(361): CodeIgniter\CodeIgniter->handleRequest(null, Object(Config\Cache), false)
 9 FCPATH\index.php(79): CodeIgniter\CodeIgniter->run()
CRITICAL - 2023-11-20 01:07:55 --> Undefined variable $userId
in APPPATH\Views\Users\NewsSources\createSource.php on line 30.
 1 APPPATH\Views\Users\NewsSources\createSource.php(30): CodeIgniter\Debug\Exceptions->errorHandler(2, 'Undefined variable $userId', 'C:\\xampp\\htdocs\\mynewscover.com\\My_News_Cover_MVC\\app\\Views\\Users\\NewsSources\\createSource.php', 30)
 2 SYSTEMPATH\View\View.php(228): include('C:\\xampp\\htdocs\\mynewscover.com\\My_News_Cover_MVC\\app\\Views\\Users\\NewsSources\\createSource.php')
 3 SYSTEMPATH\View\View.php(231): CodeIgniter\View\View->CodeIgniter\View\{closure}()
 4 SYSTEMPATH\Common.php(1190): CodeIgniter\View\View->render('Users/NewsSources/createSource', [], true)
 5 APPPATH\Controllers\NewsSources.php(43): view('Users/NewsSources/createSource', [...])
 6 SYSTEMPATH\CodeIgniter.php(942): App\Controllers\NewsSources->create()
 7 SYSTEMPATH\CodeIgniter.php(502): CodeIgniter\CodeIgniter->runController(Object(App\Controllers\NewsSources))
 8 SYSTEMPATH\CodeIgniter.php(361): CodeIgniter\CodeIgniter->handleRequest(null, Object(Config\Cache), false)
 9 FCPATH\index.php(79): CodeIgniter\CodeIgniter->run()
